2013-04-17 10:44:12,707 [39] Orchard.ContentManagement.Drivers.Coordinators.ContentPartDriverCoordinator - TargetInvocationException thrown from IContentPartDriver by Orchard.Core.Containers.Drivers.ContainerWidgetPartDriver
System.Reflection.TargetInvocationException: Exception has been thrown by the target of an invocation. ---> System.NullReferenceException: Object reference not set to an instance of an object.
   at lambda_method(Closure )
   --- End of inner exception stack trace ---
   at System.RuntimeMethodHandle.InvokeMethod(Object target, Object[] arguments, Signature sig, Boolean constructor)
   at System.Reflection.RuntimeMethodInfo.UnsafeInvokeInternal(Object obj, Object[] parameters, Object[] arguments)
   at System.Delegate.DynamicInvokeImpl(Object[] args)
   at NHibernate.Linq.Visitors.Evaluator.SubtreeEvaluator.Evaluate(Expression e)
   at NHibernate.Linq.Visitors.ExpressionVisitor.VisitBinary(BinaryExpression b)
   at NHibernate.Linq.Visitors.ExpressionVisitor.Visit(Expression exp)
   at NHibernate.Linq.Visitors.ExpressionVisitor.VisitLambda(LambdaExpression lambda)
   at NHibernate.Linq.Visitors.ExpressionVisitor.Visit(Expression exp)
   at NHibernate.Linq.Visitors.ExpressionVisitor.VisitUnary(UnaryExpression u)
   at NHibernate.Linq.Visitors.ExpressionVisitor.Visit(Expression exp)
   at NHibernate.Linq.Visitors.ExpressionVisitor.VisitList(ReadOnlyCollection`1 original)
   at NHibernate.Linq.Visitors.ExpressionVisitor.VisitMethodCall(MethodCallExpression m)
   at NHibernate.Linq.Visitors.ExpressionVisitor.Visit(Expression exp)
   at NHibernate.Linq.NHibernateQueryProvider.TranslateExpression(Expression expression)
   at Orchard.ContentManagement.DefaultContentQuery.Where[TRecord](Expression`1 predicate) in c:\Users\sebros\My Projects\Orchard\src\Orchard\ContentManagement\DefaultContentQuery.cs:line 89
   at Orchard.ContentManagement.DefaultContentQuery.ContentQuery`2.Orchard.ContentManagement.IContentQuery<T,TR>.Where(Expression`1 predicate) in c:\Users\sebros\My Projects\Orchard\src\Orchard\ContentManagement\DefaultContentQuery.cs:line 238
   at Orchard.Core.Containers.Drivers.ContainerWidgetPartDriver.<>c__DisplayClass6.<Display>b__4() in c:\Users\sebros\My Projects\Orchard\src\Orchard.Web\Core\Containers\Drivers\ContainerWidgetPartDriver.cs:line 36
   at Orchard.ContentManagement.Drivers.ContentPartDriver`1.<>c__DisplayClassf.<ContentShape>b__e(BuildShapeContext ctx) in c:\Users\sebros\My Projects\Orchard\src\Orchard\ContentManagement\Drivers\ContentPartDriver.cs:line 130
   at Orchard.ContentManagement.Drivers.ContentPartDriver`1.<>c__DisplayClass15.<ContentShapeImplementation>b__14(BuildShapeContext ctx) in c:\Users\sebros\My Projects\Orchard\src\Orchard\ContentManagement\Drivers\ContentPartDriver.cs:line 139
   at Orchard.ContentManagement.Drivers.ContentShapeResult.ApplyImplementation(BuildShapeContext context, String displayType) in c:\Users\sebros\My Projects\Orchard\src\Orchard\ContentManagement\Drivers\ContentShapeResult.cs:line 39
   at Orchard.InvokeExtensions.Invoke[TEvents](IEnumerable`1 events, Action`1 dispatch, ILogger logger) in c:\Users\sebros\My Projects\Orchard\src\Orchard\InvokeExtensions.cs:line 17
2013-04-17 10:44:20,975 [37] Orchard.ContentManagement.Drivers.Coordinators.ContentPartDriverCoordinator - TargetInvocationException thrown from IContentPartDriver by Orchard.Core.Containers.Drivers.ContainerWidgetPartDriver
System.Reflection.TargetInvocationException: Exception has been thrown by the target of an invocation. ---> System.NullReferenceException: Object reference not set to an instance of an object.
   at lambda_method(Closure )
   --- End of inner exception stack trace ---
   at System.RuntimeMethodHandle.InvokeMethod(Object target, Object[] arguments, Signature sig, Boolean constructor)
   at System.Reflection.RuntimeMethodInfo.UnsafeInvokeInternal(Object obj, Object[] parameters, Object[] arguments)
   at System.Delegate.DynamicInvokeImpl(Object[] args)
   at NHibernate.Linq.Visitors.Evaluator.SubtreeEvaluator.Evaluate(Expression e)
   at NHibernate.Linq.Visitors.ExpressionVisitor.VisitBinary(BinaryExpression b)
   at NHibernate.Linq.Visitors.ExpressionVisitor.Visit(Expression exp)
   at NHibernate.Linq.Visitors.ExpressionVisitor.VisitLambda(LambdaExpression lambda)
   at NHibernate.Linq.Visitors.ExpressionVisitor.Visit(Expression exp)
   at NHibernate.Linq.Visitors.ExpressionVisitor.VisitUnary(UnaryExpression u)
   at NHibernate.Linq.Visitors.ExpressionVisitor.Visit(Expression exp)
   at NHibernate.Linq.Visitors.ExpressionVisitor.VisitList(ReadOnlyCollection`1 original)
   at NHibernate.Linq.Visitors.ExpressionVisitor.VisitMethodCall(MethodCallExpression m)
   at NHibernate.Linq.Visitors.ExpressionVisitor.Visit(Expression exp)
   at NHibernate.Linq.NHibernateQueryProvider.TranslateExpression(Expression expression)
   at Orchard.ContentManagement.DefaultContentQuery.Where[TRecord](Expression`1 predicate) in c:\Users\sebros\My Projects\Orchard\src\Orchard\ContentManagement\DefaultContentQuery.cs:line 89
   at Orchard.ContentManagement.DefaultContentQuery.ContentQuery`2.Orchard.ContentManagement.IContentQuery<T,TR>.Where(Expression`1 predicate) in c:\Users\sebros\My Projects\Orchard\src\Orchard\ContentManagement\DefaultContentQuery.cs:line 238
   at Orchard.Core.Containers.Drivers.ContainerWidgetPartDriver.<>c__DisplayClass6.<Display>b__4() in c:\Users\sebros\My Projects\Orchard\src\Orchard.Web\Core\Containers\Drivers\ContainerWidgetPartDriver.cs:line 36
   at Orchard.ContentManagement.Drivers.ContentPartDriver`1.<>c__DisplayClassf.<ContentShape>b__e(BuildShapeContext ctx) in c:\Users\sebros\My Projects\Orchard\src\Orchard\ContentManagement\Drivers\ContentPartDriver.cs:line 130
   at Orchard.ContentManagement.Drivers.ContentPartDriver`1.<>c__DisplayClass15.<ContentShapeImplementation>b__14(BuildShapeContext ctx) in c:\Users\sebros\My Projects\Orchard\src\Orchard\ContentManagement\Drivers\ContentPartDriver.cs:line 139
   at Orchard.ContentManagement.Drivers.ContentShapeResult.ApplyImplementation(BuildShapeContext context, String displayType) in c:\Users\sebros\My Projects\Orchard\src\Orchard\ContentManagement\Drivers\ContentShapeResult.cs:line 39
   at Orchard.InvokeExtensions.Invoke[TEvents](IEnumerable`1 events, Action`1 dispatch, ILogger logger) in c:\Users\sebros\My Projects\Orchard\src\Orchard\InvokeExtensions.cs:line 17
2013-04-17 11:10:42,535 [12] Orchard.ContentManagement.Drivers.Coordinators.ContentPartDriverCoordinator - TargetInvocationException thrown from IContentPartDriver by Orchard.Core.Containers.Drivers.ContainerWidgetPartDriver
System.Reflection.TargetInvocationException: Exception has been thrown by the target of an invocation. ---> System.NullReferenceException: Object reference not set to an instance of an object.
   at lambda_method(Closure )
   --- End of inner exception stack trace ---
   at System.RuntimeMethodHandle.InvokeMethod(Object target, Object[] arguments, Signature sig, Boolean constructor)
   at System.Reflection.RuntimeMethodInfo.UnsafeInvokeInternal(Object obj, Object[] parameters, Object[] arguments)
   at System.Delegate.DynamicInvokeImpl(Object[] args)
   at NHibernate.Linq.Visitors.Evaluator.SubtreeEvaluator.Evaluate(Expression e)
   at NHibernate.Linq.Visitors.ExpressionVisitor.VisitBinary(BinaryExpression b)
   at NHibernate.Linq.Visitors.ExpressionVisitor.Visit(Expression exp)
   at NHibernate.Linq.Visitors.ExpressionVisitor.VisitLambda(LambdaExpression lambda)
   at NHibernate.Linq.Visitors.ExpressionVisitor.Visit(Expression exp)
   at NHibernate.Linq.Visitors.ExpressionVisitor.VisitUnary(UnaryExpression u)
   at NHibernate.Linq.Visitors.ExpressionVisitor.Visit(Expression exp)
   at NHibernate.Linq.Visitors.ExpressionVisitor.VisitList(ReadOnlyCollection`1 original)
   at NHibernate.Linq.Visitors.ExpressionVisitor.VisitMethodCall(MethodCallExpression m)
   at NHibernate.Linq.Visitors.ExpressionVisitor.Visit(Expression exp)
   at NHibernate.Linq.NHibernateQueryProvider.TranslateExpression(Expression expression)
   at Orchard.ContentManagement.DefaultContentQuery.Where[TRecord](Expression`1 predicate) in c:\Users\sebros\My Projects\Orchard\src\Orchard\ContentManagement\DefaultContentQuery.cs:line 89
   at Orchard.ContentManagement.DefaultContentQuery.ContentQuery`2.Orchard.ContentManagement.IContentQuery<T,TR>.Where(Expression`1 predicate) in c:\Users\sebros\My Projects\Orchard\src\Orchard\ContentManagement\DefaultContentQuery.cs:line 238
   at Orchard.Core.Containers.Drivers.ContainerWidgetPartDriver.<>c__DisplayClass6.<Display>b__4() in c:\Users\sebros\My Projects\Orchard\src\Orchard.Web\Core\Containers\Drivers\ContainerWidgetPartDriver.cs:line 36
   at Orchard.ContentManagement.Drivers.ContentPartDriver`1.<>c__DisplayClassf.<ContentShape>b__e(BuildShapeContext ctx) in c:\Users\sebros\My Projects\Orchard\src\Orchard\ContentManagement\Drivers\ContentPartDriver.cs:line 130
   at Orchard.ContentManagement.Drivers.ContentPartDriver`1.<>c__DisplayClass15.<ContentShapeImplementation>b__14(BuildShapeContext ctx) in c:\Users\sebros\My Projects\Orchard\src\Orchard\ContentManagement\Drivers\ContentPartDriver.cs:line 139
   at Orchard.ContentManagement.Drivers.ContentShapeResult.ApplyImplementation(BuildShapeContext context, String displayType) in c:\Users\sebros\My Projects\Orchard\src\Orchard\ContentManagement\Drivers\ContentShapeResult.cs:line 39
   at Orchard.InvokeExtensions.Invoke[TEvents](IEnumerable`1 events, Action`1 dispatch, ILogger logger) in c:\Users\sebros\My Projects\Orchard\src\Orchard\InvokeExtensions.cs:line 17
2013-04-17 11:13:57,207 [39] Orchard.ContentManagement.Drivers.Coordinators.ContentPartDriverCoordinator - TargetInvocationException thrown from IContentPartDriver by Orchard.Core.Containers.Drivers.ContainerWidgetPartDriver
System.Reflection.TargetInvocationException: Exception has been thrown by the target of an invocation. ---> System.NullReferenceException: Object reference not set to an instance of an object.
   at lambda_method(Closure )
   --- End of inner exception stack trace ---
   at System.RuntimeMethodHandle.InvokeMethod(Object target, Object[] arguments, Signature sig, Boolean constructor)
   at System.Reflection.RuntimeMethodInfo.UnsafeInvokeInternal(Object obj, Object[] parameters, Object[] arguments)
   at System.Delegate.DynamicInvokeImpl(Object[] args)
   at NHibernate.Linq.Visitors.Evaluator.SubtreeEvaluator.Evaluate(Expression e)
   at NHibernate.Linq.Visitors.ExpressionVisitor.VisitBinary(BinaryExpression b)
   at NHibernate.Linq.Visitors.ExpressionVisitor.Visit(Expression exp)
   at NHibernate.Linq.Visitors.ExpressionVisitor.VisitLambda(LambdaExpression lambda)
   at NHibernate.Linq.Visitors.ExpressionVisitor.Visit(Expression exp)
   at NHibernate.Linq.Visitors.ExpressionVisitor.VisitUnary(UnaryExpression u)
   at NHibernate.Linq.Visitors.ExpressionVisitor.Visit(Expression exp)
   at NHibernate.Linq.Visitors.ExpressionVisitor.VisitList(ReadOnlyCollection`1 original)
   at NHibernate.Linq.Visitors.ExpressionVisitor.VisitMethodCall(MethodCallExpression m)
   at NHibernate.Linq.Visitors.ExpressionVisitor.Visit(Expression exp)
   at NHibernate.Linq.NHibernateQueryProvider.TranslateExpression(Expression expression)
   at Orchard.ContentManagement.DefaultContentQuery.Where[TRecord](Expression`1 predicate) in c:\Users\sebros\My Projects\Orchard\src\Orchard\ContentManagement\DefaultContentQuery.cs:line 89
   at Orchard.ContentManagement.DefaultContentQuery.ContentQuery`2.Orchard.ContentManagement.IContentQuery<T,TR>.Where(Expression`1 predicate) in c:\Users\sebros\My Projects\Orchard\src\Orchard\ContentManagement\DefaultContentQuery.cs:line 238
   at Orchard.Core.Containers.Drivers.ContainerWidgetPartDriver.<>c__DisplayClass6.<Display>b__4() in c:\Users\sebros\My Projects\Orchard\src\Orchard.Web\Core\Containers\Drivers\ContainerWidgetPartDriver.cs:line 36
   at Orchard.ContentManagement.Drivers.ContentPartDriver`1.<>c__DisplayClassf.<ContentShape>b__e(BuildShapeContext ctx) in c:\Users\sebros\My Projects\Orchard\src\Orchard\ContentManagement\Drivers\ContentPartDriver.cs:line 130
   at Orchard.ContentManagement.Drivers.ContentPartDriver`1.<>c__DisplayClass15.<ContentShapeImplementation>b__14(BuildShapeContext ctx) in c:\Users\sebros\My Projects\Orchard\src\Orchard\ContentManagement\Drivers\ContentPartDriver.cs:line 139
   at Orchard.ContentManagement.Drivers.ContentShapeResult.ApplyImplementation(BuildShapeContext context, String displayType) in c:\Users\sebros\My Projects\Orchard\src\Orchard\ContentManagement\Drivers\ContentShapeResult.cs:line 39
   at Orchard.InvokeExtensions.Invoke[TEvents](IEnumerable`1 events, Action`1 dispatch, ILogger logger) in c:\Users\sebros\My Projects\Orchard\src\Orchard\InvokeExtensions.cs:line 17
2013-04-17 11:14:20,373 [13] Orchard.ContentManagement.Drivers.Coordinators.ContentPartDriverCoordinator - TargetInvocationException thrown from IContentPartDriver by Orchard.Core.Containers.Drivers.ContainerWidgetPartDriver
System.Reflection.TargetInvocationException: Exception has been thrown by the target of an invocation. ---> System.NullReferenceException: Object reference not set to an instance of an object.
   at lambda_method(Closure )
   --- End of inner exception stack trace ---
   at System.RuntimeMethodHandle.InvokeMethod(Object target, Object[] arguments, Signature sig, Boolean constructor)
   at System.Reflection.RuntimeMethodInfo.UnsafeInvokeInternal(Object obj, Object[] parameters, Object[] arguments)
   at System.Delegate.DynamicInvokeImpl(Object[] args)
   at NHibernate.Linq.Visitors.Evaluator.SubtreeEvaluator.Evaluate(Expression e)
   at NHibernate.Linq.Visitors.ExpressionVisitor.VisitBinary(BinaryExpression b)
   at NHibernate.Linq.Visitors.ExpressionVisitor.Visit(Expression exp)
   at NHibernate.Linq.Visitors.ExpressionVisitor.VisitLambda(LambdaExpression lambda)
   at NHibernate.Linq.Visitors.ExpressionVisitor.Visit(Expression exp)
   at NHibernate.Linq.Visitors.ExpressionVisitor.VisitUnary(UnaryExpression u)
   at NHibernate.Linq.Visitors.ExpressionVisitor.Visit(Expression exp)
   at NHibernate.Linq.Visitors.ExpressionVisitor.VisitList(ReadOnlyCollection`1 original)
   at NHibernate.Linq.Visitors.ExpressionVisitor.VisitMethodCall(MethodCallExpression m)
   at NHibernate.Linq.Visitors.ExpressionVisitor.Visit(Expression exp)
   at NHibernate.Linq.NHibernateQueryProvider.TranslateExpression(Expression expression)
   at Orchard.ContentManagement.DefaultContentQuery.Where[TRecord](Expression`1 predicate) in c:\Users\sebros\My Projects\Orchard\src\Orchard\ContentManagement\DefaultContentQuery.cs:line 89
   at Orchard.ContentManagement.DefaultContentQuery.ContentQuery`2.Orchard.ContentManagement.IContentQuery<T,TR>.Where(Expression`1 predicate) in c:\Users\sebros\My Projects\Orchard\src\Orchard\ContentManagement\DefaultContentQuery.cs:line 238
   at Orchard.Core.Containers.Drivers.ContainerWidgetPartDriver.<>c__DisplayClass6.<Display>b__4() in c:\Users\sebros\My Projects\Orchard\src\Orchard.Web\Core\Containers\Drivers\ContainerWidgetPartDriver.cs:line 36
   at Orchard.ContentManagement.Drivers.ContentPartDriver`1.<>c__DisplayClassf.<ContentShape>b__e(BuildShapeContext ctx) in c:\Users\sebros\My Projects\Orchard\src\Orchard\ContentManagement\Drivers\ContentPartDriver.cs:line 130
   at Orchard.ContentManagement.Drivers.ContentPartDriver`1.<>c__DisplayClass15.<ContentShapeImplementation>b__14(BuildShapeContext ctx) in c:\Users\sebros\My Projects\Orchard\src\Orchard\ContentManagement\Drivers\ContentPartDriver.cs:line 139
   at Orchard.ContentManagement.Drivers.ContentShapeResult.ApplyImplementation(BuildShapeContext context, String displayType) in c:\Users\sebros\My Projects\Orchard\src\Orchard\ContentManagement\Drivers\ContentShapeResult.cs:line 39
   at Orchard.InvokeExtensions.Invoke[TEvents](IEnumerable`1 events, Action`1 dispatch, ILogger logger) in c:\Users\sebros\My Projects\Orchard\src\Orchard\InvokeExtensions.cs:line 17
2013-04-17 11:14:37,174 [25] Orchard.ContentManagement.Drivers.Coordinators.ContentPartDriverCoordinator - TargetInvocationException thrown from IContentPartDriver by Orchard.Core.Containers.Drivers.ContainerWidgetPartDriver
System.Reflection.TargetInvocationException: Exception has been thrown by the target of an invocation. ---> System.NullReferenceException: Object reference not set to an instance of an object.
   at lambda_method(Closure )
   --- End of inner exception stack trace ---
   at System.RuntimeMethodHandle.InvokeMethod(Object target, Object[] arguments, Signature sig, Boolean constructor)
   at System.Reflection.RuntimeMethodInfo.UnsafeInvokeInternal(Object obj, Object[] parameters, Object[] arguments)
   at System.Delegate.DynamicInvokeImpl(Object[] args)
   at NHibernate.Linq.Visitors.Evaluator.SubtreeEvaluator.Evaluate(Expression e)
   at NHibernate.Linq.Visitors.ExpressionVisitor.VisitBinary(BinaryExpression b)
   at NHibernate.Linq.Visitors.ExpressionVisitor.Visit(Expression exp)
   at NHibernate.Linq.Visitors.ExpressionVisitor.VisitLambda(LambdaExpression lambda)
   at NHibernate.Linq.Visitors.ExpressionVisitor.Visit(Expression exp)
   at NHibernate.Linq.Visitors.ExpressionVisitor.VisitUnary(UnaryExpression u)
   at NHibernate.Linq.Visitors.ExpressionVisitor.Visit(Expression exp)
   at NHibernate.Linq.Visitors.ExpressionVisitor.VisitList(ReadOnlyCollection`1 original)
   at NHibernate.Linq.Visitors.ExpressionVisitor.VisitMethodCall(MethodCallExpression m)
   at NHibernate.Linq.Visitors.ExpressionVisitor.Visit(Expression exp)
   at NHibernate.Linq.NHibernateQueryProvider.TranslateExpression(Expression expression)
   at Orchard.ContentManagement.DefaultContentQuery.Where[TRecord](Expression`1 predicate) in c:\Users\sebros\My Projects\Orchard\src\Orchard\ContentManagement\DefaultContentQuery.cs:line 89
   at Orchard.ContentManagement.DefaultContentQuery.ContentQuery`2.Orchard.ContentManagement.IContentQuery<T,TR>.Where(Expression`1 predicate) in c:\Users\sebros\My Projects\Orchard\src\Orchard\ContentManagement\DefaultContentQuery.cs:line 238
   at Orchard.Core.Containers.Drivers.ContainerWidgetPartDriver.<>c__DisplayClass6.<Display>b__4() in c:\Users\sebros\My Projects\Orchard\src\Orchard.Web\Core\Containers\Drivers\ContainerWidgetPartDriver.cs:line 36
   at Orchard.ContentManagement.Drivers.ContentPartDriver`1.<>c__DisplayClassf.<ContentShape>b__e(BuildShapeContext ctx) in c:\Users\sebros\My Projects\Orchard\src\Orchard\ContentManagement\Drivers\ContentPartDriver.cs:line 130
   at Orchard.ContentManagement.Drivers.ContentPartDriver`1.<>c__DisplayClass15.<ContentShapeImplementation>b__14(BuildShapeContext ctx) in c:\Users\sebros\My Projects\Orchard\src\Orchard\ContentManagement\Drivers\ContentPartDriver.cs:line 139
   at Orchard.ContentManagement.Drivers.ContentShapeResult.ApplyImplementation(BuildShapeContext context, String displayType) in c:\Users\sebros\My Projects\Orchard\src\Orchard\ContentManagement\Drivers\ContentShapeResult.cs:line 39
   at Orchard.InvokeExtensions.Invoke[TEvents](IEnumerable`1 events, Action`1 dispatch, ILogger logger) in c:\Users\sebros\My Projects\Orchard\src\Orchard\InvokeExtensions.cs:line 17
2013-04-17 11:14:37,845 [15] Orchard.ContentManagement.Drivers.Coordinators.ContentPartDriverCoordinator - TargetInvocationException thrown from IContentPartDriver by Orchard.Core.Containers.Drivers.ContainerWidgetPartDriver
System.Reflection.TargetInvocationException: Exception has been thrown by the target of an invocation. ---> System.NullReferenceException: Object reference not set to an instance of an object.
   at lambda_method(Closure )
   --- End of inner exception stack trace ---
   at System.RuntimeMethodHandle.InvokeMethod(Object target, Object[] arguments, Signature sig, Boolean constructor)
   at System.Reflection.RuntimeMethodInfo.UnsafeInvokeInternal(Object obj, Object[] parameters, Object[] arguments)
   at System.Delegate.DynamicInvokeImpl(Object[] args)
   at NHibernate.Linq.Visitors.Evaluator.SubtreeEvaluator.Evaluate(Expression e)
   at NHibernate.Linq.Visitors.ExpressionVisitor.VisitBinary(BinaryExpression b)
   at NHibernate.Linq.Visitors.ExpressionVisitor.Visit(Expression exp)
   at NHibernate.Linq.Visitors.ExpressionVisitor.VisitLambda(LambdaExpression lambda)
   at NHibernate.Linq.Visitors.ExpressionVisitor.Visit(Expression exp)
   at NHibernate.Linq.Visitors.ExpressionVisitor.VisitUnary(UnaryExpression u)
   at NHibernate.Linq.Visitors.ExpressionVisitor.Visit(Expression exp)
   at NHibernate.Linq.Visitors.ExpressionVisitor.VisitList(ReadOnlyCollection`1 original)
   at NHibernate.Linq.Visitors.ExpressionVisitor.VisitMethodCall(MethodCallExpression m)
   at NHibernate.Linq.Visitors.ExpressionVisitor.Visit(Expression exp)
   at NHibernate.Linq.NHibernateQueryProvider.TranslateExpression(Expression expression)
   at Orchard.ContentManagement.DefaultContentQuery.Where[TRecord](Expression`1 predicate) in c:\Users\sebros\My Projects\Orchard\src\Orchard\ContentManagement\DefaultContentQuery.cs:line 89
   at Orchard.ContentManagement.DefaultContentQuery.ContentQuery`2.Orchard.ContentManagement.IContentQuery<T,TR>.Where(Expression`1 predicate) in c:\Users\sebros\My Projects\Orchard\src\Orchard\ContentManagement\DefaultContentQuery.cs:line 238
   at Orchard.Core.Containers.Drivers.ContainerWidgetPartDriver.<>c__DisplayClass6.<Display>b__4() in c:\Users\sebros\My Projects\Orchard\src\Orchard.Web\Core\Containers\Drivers\ContainerWidgetPartDriver.cs:line 36
   at Orchard.ContentManagement.Drivers.ContentPartDriver`1.<>c__DisplayClassf.<ContentShape>b__e(BuildShapeContext ctx) in c:\Users\sebros\My Projects\Orchard\src\Orchard\ContentManagement\Drivers\ContentPartDriver.cs:line 130
   at Orchard.ContentManagement.Drivers.ContentPartDriver`1.<>c__DisplayClass15.<ContentShapeImplementation>b__14(BuildShapeContext ctx) in c:\Users\sebros\My Projects\Orchard\src\Orchard\ContentManagement\Drivers\ContentPartDriver.cs:line 139
   at Orchard.ContentManagement.Drivers.ContentShapeResult.ApplyImplementation(BuildShapeContext context, String displayType) in c:\Users\sebros\My Projects\Orchard\src\Orchard\ContentManagement\Drivers\ContentShapeResult.cs:line 39
   at Orchard.InvokeExtensions.Invoke[TEvents](IEnumerable`1 events, Action`1 dispatch, ILogger logger) in c:\Users\sebros\My Projects\Orchard\src\Orchard\InvokeExtensions.cs:line 17
2013-04-17 11:15:54,332 [12] Orchard.ContentManagement.Drivers.Coordinators.ContentPartDriverCoordinator - TargetInvocationException thrown from IContentPartDriver by Orchard.Core.Containers.Drivers.ContainerWidgetPartDriver
System.Reflection.TargetInvocationException: Exception has been thrown by the target of an invocation. ---> System.NullReferenceException: Object reference not set to an instance of an object.
   at lambda_method(Closure )
   --- End of inner exception stack trace ---
   at System.RuntimeMethodHandle.InvokeMethod(Object target, Object[] arguments, Signature sig, Boolean constructor)
   at System.Reflection.RuntimeMethodInfo.UnsafeInvokeInternal(Object obj, Object[] parameters, Object[] arguments)
   at System.Delegate.DynamicInvokeImpl(Object[] args)
   at NHibernate.Linq.Visitors.Evaluator.SubtreeEvaluator.Evaluate(Expression e)
   at NHibernate.Linq.Visitors.ExpressionVisitor.VisitBinary(BinaryExpression b)
   at NHibernate.Linq.Visitors.ExpressionVisitor.Visit(Expression exp)
   at NHibernate.Linq.Visitors.ExpressionVisitor.VisitLambda(LambdaExpression lambda)
   at NHibernate.Linq.Visitors.ExpressionVisitor.Visit(Expression exp)
   at NHibernate.Linq.Visitors.ExpressionVisitor.VisitUnary(UnaryExpression u)
   at NHibernate.Linq.Visitors.ExpressionVisitor.Visit(Expression exp)
   at NHibernate.Linq.Visitors.ExpressionVisitor.VisitList(ReadOnlyCollection`1 original)
   at NHibernate.Linq.Visitors.ExpressionVisitor.VisitMethodCall(MethodCallExpression m)
   at NHibernate.Linq.Visitors.ExpressionVisitor.Visit(Expression exp)
   at NHibernate.Linq.NHibernateQueryProvider.TranslateExpression(Expression expression)
   at Orchard.ContentManagement.DefaultContentQuery.Where[TRecord](Expression`1 predicate) in c:\Users\sebros\My Projects\Orchard\src\Orchard\ContentManagement\DefaultContentQuery.cs:line 89
   at Orchard.ContentManagement.DefaultContentQuery.ContentQuery`2.Orchard.ContentManagement.IContentQuery<T,TR>.Where(Expression`1 predicate) in c:\Users\sebros\My Projects\Orchard\src\Orchard\ContentManagement\DefaultContentQuery.cs:line 238
   at Orchard.Core.Containers.Drivers.ContainerWidgetPartDriver.<>c__DisplayClass6.<Display>b__4() in c:\Users\sebros\My Projects\Orchard\src\Orchard.Web\Core\Containers\Drivers\ContainerWidgetPartDriver.cs:line 36
   at Orchard.ContentManagement.Drivers.ContentPartDriver`1.<>c__DisplayClassf.<ContentShape>b__e(BuildShapeContext ctx) in c:\Users\sebros\My Projects\Orchard\src\Orchard\ContentManagement\Drivers\ContentPartDriver.cs:line 130
   at Orchard.ContentManagement.Drivers.ContentPartDriver`1.<>c__DisplayClass15.<ContentShapeImplementation>b__14(BuildShapeContext ctx) in c:\Users\sebros\My Projects\Orchard\src\Orchard\ContentManagement\Drivers\ContentPartDriver.cs:line 139
   at Orchard.ContentManagement.Drivers.ContentShapeResult.ApplyImplementation(BuildShapeContext context, String displayType) in c:\Users\sebros\My Projects\Orchard\src\Orchard\ContentManagement\Drivers\ContentShapeResult.cs:line 39
   at Orchard.InvokeExtensions.Invoke[TEvents](IEnumerable`1 events, Action`1 dispatch, ILogger logger) in c:\Users\sebros\My Projects\Orchard\src\Orchard\InvokeExtensions.cs:line 17
2013-04-17 11:15:56,656 [17] Orchard.ContentManagement.Drivers.Coordinators.ContentPartDriverCoordinator - TargetInvocationException thrown from IContentPartDriver by Orchard.Core.Containers.Drivers.ContainerWidgetPartDriver
System.Reflection.TargetInvocationException: Exception has been thrown by the target of an invocation. ---> System.NullReferenceException: Object reference not set to an instance of an object.
   at lambda_method(Closure )
   --- End of inner exception stack trace ---
   at System.RuntimeMethodHandle.InvokeMethod(Object target, Object[] arguments, Signature sig, Boolean constructor)
   at System.Reflection.RuntimeMethodInfo.UnsafeInvokeInternal(Object obj, Object[] parameters, Object[] arguments)
   at System.Delegate.DynamicInvokeImpl(Object[] args)
   at NHibernate.Linq.Visitors.Evaluator.SubtreeEvaluator.Evaluate(Expression e)
   at NHibernate.Linq.Visitors.ExpressionVisitor.VisitBinary(BinaryExpression b)
   at NHibernate.Linq.Visitors.ExpressionVisitor.Visit(Expression exp)
   at NHibernate.Linq.Visitors.ExpressionVisitor.VisitLambda(LambdaExpression lambda)
   at NHibernate.Linq.Visitors.ExpressionVisitor.Visit(Expression exp)
   at NHibernate.Linq.Visitors.ExpressionVisitor.VisitUnary(UnaryExpression u)
   at NHibernate.Linq.Visitors.ExpressionVisitor.Visit(Expression exp)
   at NHibernate.Linq.Visitors.ExpressionVisitor.VisitList(ReadOnlyCollection`1 original)
   at NHibernate.Linq.Visitors.ExpressionVisitor.VisitMethodCall(MethodCallExpression m)
   at NHibernate.Linq.Visitors.ExpressionVisitor.Visit(Expression exp)
   at NHibernate.Linq.NHibernateQueryProvider.TranslateExpression(Expression expression)
   at Orchard.ContentManagement.DefaultContentQuery.Where[TRecord](Expression`1 predicate) in c:\Users\sebros\My Projects\Orchard\src\Orchard\ContentManagement\DefaultContentQuery.cs:line 89
   at Orchard.ContentManagement.DefaultContentQuery.ContentQuery`2.Orchard.ContentManagement.IContentQuery<T,TR>.Where(Expression`1 predicate) in c:\Users\sebros\My Projects\Orchard\src\Orchard\ContentManagement\DefaultContentQuery.cs:line 238
   at Orchard.Core.Containers.Drivers.ContainerWidgetPartDriver.<>c__DisplayClass6.<Display>b__4() in c:\Users\sebros\My Projects\Orchard\src\Orchard.Web\Core\Containers\Drivers\ContainerWidgetPartDriver.cs:line 36
   at Orchard.ContentManagement.Drivers.ContentPartDriver`1.<>c__DisplayClassf.<ContentShape>b__e(BuildShapeContext ctx) in c:\Users\sebros\My Projects\Orchard\src\Orchard\ContentManagement\Drivers\ContentPartDriver.cs:line 130
   at Orchard.ContentManagement.Drivers.ContentPartDriver`1.<>c__DisplayClass15.<ContentShapeImplementation>b__14(BuildShapeContext ctx) in c:\Users\sebros\My Projects\Orchard\src\Orchard\ContentManagement\Drivers\ContentPartDriver.cs:line 139
   at Orchard.ContentManagement.Drivers.ContentShapeResult.ApplyImplementation(BuildShapeContext context, String displayType) in c:\Users\sebros\My Projects\Orchard\src\Orchard\ContentManagement\Drivers\ContentShapeResult.cs:line 39
   at Orchard.InvokeExtensions.Invoke[TEvents](IEnumerable`1 events, Action`1 dispatch, ILogger logger) in c:\Users\sebros\My Projects\Orchard\src\Orchard\InvokeExtensions.cs:line 17
2013-04-17 11:16:22,646 [7] Orchard.ContentManagement.Drivers.Coordinators.ContentPartDriverCoordinator - TargetInvocationException thrown from IContentPartDriver by Orchard.Core.Containers.Drivers.ContainerWidgetPartDriver
System.Reflection.TargetInvocationException: Exception has been thrown by the target of an invocation. ---> System.NullReferenceException: Object reference not set to an instance of an object.
   at lambda_method(Closure )
   --- End of inner exception stack trace ---
   at System.RuntimeMethodHandle.InvokeMethod(Object target, Object[] arguments, Signature sig, Boolean constructor)
   at System.Reflection.RuntimeMethodInfo.UnsafeInvokeInternal(Object obj, Object[] parameters, Object[] arguments)
   at System.Delegate.DynamicInvokeImpl(Object[] args)
   at NHibernate.Linq.Visitors.Evaluator.SubtreeEvaluator.Evaluate(Expression e)
   at NHibernate.Linq.Visitors.ExpressionVisitor.VisitBinary(BinaryExpression b)
   at NHibernate.Linq.Visitors.ExpressionVisitor.Visit(Expression exp)
   at NHibernate.Linq.Visitors.ExpressionVisitor.VisitLambda(LambdaExpression lambda)
   at NHibernate.Linq.Visitors.ExpressionVisitor.Visit(Expression exp)
   at NHibernate.Linq.Visitors.ExpressionVisitor.VisitUnary(UnaryExpression u)
   at NHibernate.Linq.Visitors.ExpressionVisitor.Visit(Expression exp)
   at NHibernate.Linq.Visitors.ExpressionVisitor.VisitList(ReadOnlyCollection`1 original)
   at NHibernate.Linq.Visitors.ExpressionVisitor.VisitMethodCall(MethodCallExpression m)
   at NHibernate.Linq.Visitors.ExpressionVisitor.Visit(Expression exp)
   at NHibernate.Linq.NHibernateQueryProvider.TranslateExpression(Expression expression)
   at Orchard.ContentManagement.DefaultContentQuery.Where[TRecord](Expression`1 predicate) in c:\Users\sebros\My Projects\Orchard\src\Orchard\ContentManagement\DefaultContentQuery.cs:line 89
   at Orchard.ContentManagement.DefaultContentQuery.ContentQuery`2.Orchard.ContentManagement.IContentQuery<T,TR>.Where(Expression`1 predicate) in c:\Users\sebros\My Projects\Orchard\src\Orchard\ContentManagement\DefaultContentQuery.cs:line 238
   at Orchard.Core.Containers.Drivers.ContainerWidgetPartDriver.<>c__DisplayClass6.<Display>b__4() in c:\Users\sebros\My Projects\Orchard\src\Orchard.Web\Core\Containers\Drivers\ContainerWidgetPartDriver.cs:line 36
   at Orchard.ContentManagement.Drivers.ContentPartDriver`1.<>c__DisplayClassf.<ContentShape>b__e(BuildShapeContext ctx) in c:\Users\sebros\My Projects\Orchard\src\Orchard\ContentManagement\Drivers\ContentPartDriver.cs:line 130
   at Orchard.ContentManagement.Drivers.ContentPartDriver`1.<>c__DisplayClass15.<ContentShapeImplementation>b__14(BuildShapeContext ctx) in c:\Users\sebros\My Projects\Orchard\src\Orchard\ContentManagement\Drivers\ContentPartDriver.cs:line 139
   at Orchard.ContentManagement.Drivers.ContentShapeResult.ApplyImplementation(BuildShapeContext context, String displayType) in c:\Users\sebros\My Projects\Orchard\src\Orchard\ContentManagement\Drivers\ContentShapeResult.cs:line 39
   at Orchard.InvokeExtensions.Invoke[TEvents](IEnumerable`1 events, Action`1 dispatch, ILogger logger) in c:\Users\sebros\My Projects\Orchard\src\Orchard\InvokeExtensions.cs:line 17
2013-04-17 11:16:24,440 [38] Orchard.ContentManagement.Drivers.Coordinators.ContentPartDriverCoordinator - TargetInvocationException thrown from IContentPartDriver by Orchard.Core.Containers.Drivers.ContainerWidgetPartDriver
System.Reflection.TargetInvocationException: Exception has been thrown by the target of an invocation. ---> System.NullReferenceException: Object reference not set to an instance of an object.
   at lambda_method(Closure )
   --- End of inner exception stack trace ---
   at System.RuntimeMethodHandle.InvokeMethod(Object target, Object[] arguments, Signature sig, Boolean constructor)
   at System.Reflection.RuntimeMethodInfo.UnsafeInvokeInternal(Object obj, Object[] parameters, Object[] arguments)
   at System.Delegate.DynamicInvokeImpl(Object[] args)
   at NHibernate.Linq.Visitors.Evaluator.SubtreeEvaluator.Evaluate(Expression e)
   at NHibernate.Linq.Visitors.ExpressionVisitor.VisitBinary(BinaryExpression b)
   at NHibernate.Linq.Visitors.ExpressionVisitor.Visit(Expression exp)
   at NHibernate.Linq.Visitors.ExpressionVisitor.VisitLambda(LambdaExpression lambda)
   at NHibernate.Linq.Visitors.ExpressionVisitor.Visit(Expression exp)
   at NHibernate.Linq.Visitors.ExpressionVisitor.VisitUnary(UnaryExpression u)
   at NHibernate.Linq.Visitors.ExpressionVisitor.Visit(Expression exp)
   at NHibernate.Linq.Visitors.ExpressionVisitor.VisitList(ReadOnlyCollection`1 original)
   at NHibernate.Linq.Visitors.ExpressionVisitor.VisitMethodCall(MethodCallExpression m)
   at NHibernate.Linq.Visitors.ExpressionVisitor.Visit(Expression exp)
   at NHibernate.Linq.NHibernateQueryProvider.TranslateExpression(Expression expression)
   at Orchard.ContentManagement.DefaultContentQuery.Where[TRecord](Expression`1 predicate) in c:\Users\sebros\My Projects\Orchard\src\Orchard\ContentManagement\DefaultContentQuery.cs:line 89
   at Orchard.ContentManagement.DefaultContentQuery.ContentQuery`2.Orchard.ContentManagement.IContentQuery<T,TR>.Where(Expression`1 predicate) in c:\Users\sebros\My Projects\Orchard\src\Orchard\ContentManagement\DefaultContentQuery.cs:line 238
   at Orchard.Core.Containers.Drivers.ContainerWidgetPartDriver.<>c__DisplayClass6.<Display>b__4() in c:\Users\sebros\My Projects\Orchard\src\Orchard.Web\Core\Containers\Drivers\ContainerWidgetPartDriver.cs:line 36
   at Orchard.ContentManagement.Drivers.ContentPartDriver`1.<>c__DisplayClassf.<ContentShape>b__e(BuildShapeContext ctx) in c:\Users\sebros\My Projects\Orchard\src\Orchard\ContentManagement\Drivers\ContentPartDriver.cs:line 130
   at Orchard.ContentManagement.Drivers.ContentPartDriver`1.<>c__DisplayClass15.<ContentShapeImplementation>b__14(BuildShapeContext ctx) in c:\Users\sebros\My Projects\Orchard\src\Orchard\ContentManagement\Drivers\ContentPartDriver.cs:line 139
   at Orchard.ContentManagement.Drivers.ContentShapeResult.ApplyImplementation(BuildShapeContext context, String displayType) in c:\Users\sebros\My Projects\Orchard\src\Orchard\ContentManagement\Drivers\ContentShapeResult.cs:line 39
   at Orchard.InvokeExtensions.Invoke[TEvents](IEnumerable`1 events, Action`1 dispatch, ILogger logger) in c:\Users\sebros\My Projects\Orchard\src\Orchard\InvokeExtensions.cs:line 17
2013-04-17 11:16:25,813 [26] Orchard.ContentManagement.Drivers.Coordinators.ContentPartDriverCoordinator - TargetInvocationException thrown from IContentPartDriver by Orchard.Core.Containers.Drivers.ContainerWidgetPartDriver
System.Reflection.TargetInvocationException: Exception has been thrown by the target of an invocation. ---> System.NullReferenceException: Object reference not set to an instance of an object.
   at lambda_method(Closure )
   --- End of inner exception stack trace ---
   at System.RuntimeMethodHandle.InvokeMethod(Object target, Object[] arguments, Signature sig, Boolean constructor)
   at System.Reflection.RuntimeMethodInfo.UnsafeInvokeInternal(Object obj, Object[] parameters, Object[] arguments)
   at System.Delegate.DynamicInvokeImpl(Object[] args)
   at NHibernate.Linq.Visitors.Evaluator.SubtreeEvaluator.Evaluate(Expression e)
   at NHibernate.Linq.Visitors.ExpressionVisitor.VisitBinary(BinaryExpression b)
   at NHibernate.Linq.Visitors.ExpressionVisitor.Visit(Expression exp)
   at NHibernate.Linq.Visitors.ExpressionVisitor.VisitLambda(LambdaExpression lambda)
   at NHibernate.Linq.Visitors.ExpressionVisitor.Visit(Expression exp)
   at NHibernate.Linq.Visitors.ExpressionVisitor.VisitUnary(UnaryExpression u)
   at NHibernate.Linq.Visitors.ExpressionVisitor.Visit(Expression exp)
   at NHibernate.Linq.Visitors.ExpressionVisitor.VisitList(ReadOnlyCollection`1 original)
   at NHibernate.Linq.Visitors.ExpressionVisitor.VisitMethodCall(MethodCallExpression m)
   at NHibernate.Linq.Visitors.ExpressionVisitor.Visit(Expression exp)
   at NHibernate.Linq.NHibernateQueryProvider.TranslateExpression(Expression expression)
   at Orchard.ContentManagement.DefaultContentQuery.Where[TRecord](Expression`1 predicate) in c:\Users\sebros\My Projects\Orchard\src\Orchard\ContentManagement\DefaultContentQuery.cs:line 89
   at Orchard.ContentManagement.DefaultContentQuery.ContentQuery`2.Orchard.ContentManagement.IContentQuery<T,TR>.Where(Expression`1 predicate) in c:\Users\sebros\My Projects\Orchard\src\Orchard\ContentManagement\DefaultContentQuery.cs:line 238
   at Orchard.Core.Containers.Drivers.ContainerWidgetPartDriver.<>c__DisplayClass6.<Display>b__4() in c:\Users\sebros\My Projects\Orchard\src\Orchard.Web\Core\Containers\Drivers\ContainerWidgetPartDriver.cs:line 36
   at Orchard.ContentManagement.Drivers.ContentPartDriver`1.<>c__DisplayClassf.<ContentShape>b__e(BuildShapeContext ctx) in c:\Users\sebros\My Projects\Orchard\src\Orchard\ContentManagement\Drivers\ContentPartDriver.cs:line 130
   at Orchard.ContentManagement.Drivers.ContentPartDriver`1.<>c__DisplayClass15.<ContentShapeImplementation>b__14(BuildShapeContext ctx) in c:\Users\sebros\My Projects\Orchard\src\Orchard\ContentManagement\Drivers\ContentPartDriver.cs:line 139
   at Orchard.ContentManagement.Drivers.ContentShapeResult.ApplyImplementation(BuildShapeContext context, String displayType) in c:\Users\sebros\My Projects\Orchard\src\Orchard\ContentManagement\Drivers\ContentShapeResult.cs:line 39
   at Orchard.InvokeExtensions.Invoke[TEvents](IEnumerable`1 events, Action`1 dispatch, ILogger logger) in c:\Users\sebros\My Projects\Orchard\src\Orchard\InvokeExtensions.cs:line 17
2013-04-17 11:16:27,513 [38] Orchard.ContentManagement.Drivers.Coordinators.ContentPartDriverCoordinator - TargetInvocationException thrown from IContentPartDriver by Orchard.Core.Containers.Drivers.ContainerWidgetPartDriver
System.Reflection.TargetInvocationException: Exception has been thrown by the target of an invocation. ---> System.NullReferenceException: Object reference not set to an instance of an object.
   at lambda_method(Closure )
   --- End of inner exception stack trace ---
   at System.RuntimeMethodHandle.InvokeMethod(Object target, Object[] arguments, Signature sig, Boolean constructor)
   at System.Reflection.RuntimeMethodInfo.UnsafeInvokeInternal(Object obj, Object[] parameters, Object[] arguments)
   at System.Delegate.DynamicInvokeImpl(Object[] args)
   at NHibernate.Linq.Visitors.Evaluator.SubtreeEvaluator.Evaluate(Expression e)
   at NHibernate.Linq.Visitors.ExpressionVisitor.VisitBinary(BinaryExpression b)
   at NHibernate.Linq.Visitors.ExpressionVisitor.Visit(Expression exp)
   at NHibernate.Linq.Visitors.ExpressionVisitor.VisitLambda(LambdaExpression lambda)
   at NHibernate.Linq.Visitors.ExpressionVisitor.Visit(Expression exp)
   at NHibernate.Linq.Visitors.ExpressionVisitor.VisitUnary(UnaryExpression u)
   at NHibernate.Linq.Visitors.ExpressionVisitor.Visit(Expression exp)
   at NHibernate.Linq.Visitors.ExpressionVisitor.VisitList(ReadOnlyCollection`1 original)
   at NHibernate.Linq.Visitors.ExpressionVisitor.VisitMethodCall(MethodCallExpression m)
   at NHibernate.Linq.Visitors.ExpressionVisitor.Visit(Expression exp)
   at NHibernate.Linq.NHibernateQueryProvider.TranslateExpression(Expression expression)
   at Orchard.ContentManagement.DefaultContentQuery.Where[TRecord](Expression`1 predicate) in c:\Users\sebros\My Projects\Orchard\src\Orchard\ContentManagement\DefaultContentQuery.cs:line 89
   at Orchard.ContentManagement.DefaultContentQuery.ContentQuery`2.Orchard.ContentManagement.IContentQuery<T,TR>.Where(Expression`1 predicate) in c:\Users\sebros\My Projects\Orchard\src\Orchard\ContentManagement\DefaultContentQuery.cs:line 238
   at Orchard.Core.Containers.Drivers.ContainerWidgetPartDriver.<>c__DisplayClass6.<Display>b__4() in c:\Users\sebros\My Projects\Orchard\src\Orchard.Web\Core\Containers\Drivers\ContainerWidgetPartDriver.cs:line 36
   at Orchard.ContentManagement.Drivers.ContentPartDriver`1.<>c__DisplayClassf.<ContentShape>b__e(BuildShapeContext ctx) in c:\Users\sebros\My Projects\Orchard\src\Orchard\ContentManagement\Drivers\ContentPartDriver.cs:line 130
   at Orchard.ContentManagement.Drivers.ContentPartDriver`1.<>c__DisplayClass15.<ContentShapeImplementation>b__14(BuildShapeContext ctx) in c:\Users\sebros\My Projects\Orchard\src\Orchard\ContentManagement\Drivers\ContentPartDriver.cs:line 139
   at Orchard.ContentManagement.Drivers.ContentShapeResult.ApplyImplementation(BuildShapeContext context, String displayType) in c:\Users\sebros\My Projects\Orchard\src\Orchard\ContentManagement\Drivers\ContentShapeResult.cs:line 39
   at Orchard.InvokeExtensions.Invoke[TEvents](IEnumerable`1 events, Action`1 dispatch, ILogger logger) in c:\Users\sebros\My Projects\Orchard\src\Orchard\InvokeExtensions.cs:line 17
2013-04-17 11:16:29,572 [37] Orchard.ContentManagement.Drivers.Coordinators.ContentPartDriverCoordinator - TargetInvocationException thrown from IContentPartDriver by Orchard.Core.Containers.Drivers.ContainerWidgetPartDriver
System.Reflection.TargetInvocationException: Exception has been thrown by the target of an invocation. ---> System.NullReferenceException: Object reference not set to an instance of an object.
   at lambda_method(Closure )
   --- End of inner exception stack trace ---
   at System.RuntimeMethodHandle.InvokeMethod(Object target, Object[] arguments, Signature sig, Boolean constructor)
   at System.Reflection.RuntimeMethodInfo.UnsafeInvokeInternal(Object obj, Object[] parameters, Object[] arguments)
   at System.Delegate.DynamicInvokeImpl(Object[] args)
   at NHibernate.Linq.Visitors.Evaluator.SubtreeEvaluator.Evaluate(Expression e)
   at NHibernate.Linq.Visitors.ExpressionVisitor.VisitBinary(BinaryExpression b)
   at NHibernate.Linq.Visitors.ExpressionVisitor.Visit(Expression exp)
   at NHibernate.Linq.Visitors.ExpressionVisitor.VisitLambda(LambdaExpression lambda)
   at NHibernate.Linq.Visitors.ExpressionVisitor.Visit(Expression exp)
   at NHibernate.Linq.Visitors.ExpressionVisitor.VisitUnary(UnaryExpression u)
   at NHibernate.Linq.Visitors.ExpressionVisitor.Visit(Expression exp)
   at NHibernate.Linq.Visitors.ExpressionVisitor.VisitList(ReadOnlyCollection`1 original)
   at NHibernate.Linq.Visitors.ExpressionVisitor.VisitMethodCall(MethodCallExpression m)
   at NHibernate.Linq.Visitors.ExpressionVisitor.Visit(Expression exp)
   at NHibernate.Linq.NHibernateQueryProvider.TranslateExpression(Expression expression)
   at Orchard.ContentManagement.DefaultContentQuery.Where[TRecord](Expression`1 predicate) in c:\Users\sebros\My Projects\Orchard\src\Orchard\ContentManagement\DefaultContentQuery.cs:line 89
   at Orchard.ContentManagement.DefaultContentQuery.ContentQuery`2.Orchard.ContentManagement.IContentQuery<T,TR>.Where(Expression`1 predicate) in c:\Users\sebros\My Projects\Orchard\src\Orchard\ContentManagement\DefaultContentQuery.cs:line 238
   at Orchard.Core.Containers.Drivers.ContainerWidgetPartDriver.<>c__DisplayClass6.<Display>b__4() in c:\Users\sebros\My Projects\Orchard\src\Orchard.Web\Core\Containers\Drivers\ContainerWidgetPartDriver.cs:line 36
   at Orchard.ContentManagement.Drivers.ContentPartDriver`1.<>c__DisplayClassf.<ContentShape>b__e(BuildShapeContext ctx) in c:\Users\sebros\My Projects\Orchard\src\Orchard\ContentManagement\Drivers\ContentPartDriver.cs:line 130
   at Orchard.ContentManagement.Drivers.ContentPartDriver`1.<>c__DisplayClass15.<ContentShapeImplementation>b__14(BuildShapeContext ctx) in c:\Users\sebros\My Projects\Orchard\src\Orchard\ContentManagement\Drivers\ContentPartDriver.cs:line 139
   at Orchard.ContentManagement.Drivers.ContentShapeResult.ApplyImplementation(BuildShapeContext context, String displayType) in c:\Users\sebros\My Projects\Orchard\src\Orchard\ContentManagement\Drivers\ContentShapeResult.cs:line 39
   at Orchard.InvokeExtensions.Invoke[TEvents](IEnumerable`1 events, Action`1 dispatch, ILogger logger) in c:\Users\sebros\My Projects\Orchard\src\Orchard\InvokeExtensions.cs:line 17
2013-04-17 11:16:36,374 [38] Orchard.ContentManagement.Drivers.Coordinators.ContentPartDriverCoordinator - TargetInvocationException thrown from IContentPartDriver by Orchard.Core.Containers.Drivers.ContainerWidgetPartDriver
System.Reflection.TargetInvocationException: Exception has been thrown by the target of an invocation. ---> System.NullReferenceException: Object reference not set to an instance of an object.
   at lambda_method(Closure )
   --- End of inner exception stack trace ---
   at System.RuntimeMethodHandle.InvokeMethod(Object target, Object[] arguments, Signature sig, Boolean constructor)
   at System.Reflection.RuntimeMethodInfo.UnsafeInvokeInternal(Object obj, Object[] parameters, Object[] arguments)
   at System.Delegate.DynamicInvokeImpl(Object[] args)
   at NHibernate.Linq.Visitors.Evaluator.SubtreeEvaluator.Evaluate(Expression e)
   at NHibernate.Linq.Visitors.ExpressionVisitor.VisitBinary(BinaryExpression b)
   at NHibernate.Linq.Visitors.ExpressionVisitor.Visit(Expression exp)
   at NHibernate.Linq.Visitors.ExpressionVisitor.VisitLambda(LambdaExpression lambda)
   at NHibernate.Linq.Visitors.ExpressionVisitor.Visit(Expression exp)
   at NHibernate.Linq.Visitors.ExpressionVisitor.VisitUnary(UnaryExpression u)
   at NHibernate.Linq.Visitors.ExpressionVisitor.Visit(Expression exp)
   at NHibernate.Linq.Visitors.ExpressionVisitor.VisitList(ReadOnlyCollection`1 original)
   at NHibernate.Linq.Visitors.ExpressionVisitor.VisitMethodCall(MethodCallExpression m)
   at NHibernate.Linq.Visitors.ExpressionVisitor.Visit(Expression exp)
   at NHibernate.Linq.NHibernateQueryProvider.TranslateExpression(Expression expression)
   at Orchard.ContentManagement.DefaultContentQuery.Where[TRecord](Expression`1 predicate) in c:\Users\sebros\My Projects\Orchard\src\Orchard\ContentManagement\DefaultContentQuery.cs:line 89
   at Orchard.ContentManagement.DefaultContentQuery.ContentQuery`2.Orchard.ContentManagement.IContentQuery<T,TR>.Where(Expression`1 predicate) in c:\Users\sebros\My Projects\Orchard\src\Orchard\ContentManagement\DefaultContentQuery.cs:line 238
   at Orchard.Core.Containers.Drivers.ContainerWidgetPartDriver.<>c__DisplayClass6.<Display>b__4() in c:\Users\sebros\My Projects\Orchard\src\Orchard.Web\Core\Containers\Drivers\ContainerWidgetPartDriver.cs:line 36
   at Orchard.ContentManagement.Drivers.ContentPartDriver`1.<>c__DisplayClassf.<ContentShape>b__e(BuildShapeContext ctx) in c:\Users\sebros\My Projects\Orchard\src\Orchard\ContentManagement\Drivers\ContentPartDriver.cs:line 130
   at Orchard.ContentManagement.Drivers.ContentPartDriver`1.<>c__DisplayClass15.<ContentShapeImplementation>b__14(BuildShapeContext ctx) in c:\Users\sebros\My Projects\Orchard\src\Orchard\ContentManagement\Drivers\ContentPartDriver.cs:line 139
   at Orchard.ContentManagement.Drivers.ContentShapeResult.ApplyImplementation(BuildShapeContext context, String displayType) in c:\Users\sebros\My Projects\Orchard\src\Orchard\ContentManagement\Drivers\ContentShapeResult.cs:line 39
   at Orchard.InvokeExtensions.Invoke[TEvents](IEnumerable`1 events, Action`1 dispatch, ILogger logger) in c:\Users\sebros\My Projects\Orchard\src\Orchard\InvokeExtensions.cs:line 17
2013-04-17 19:21:12,777 [20] Orchard.ContentManagement.Drivers.Coordinators.ContentPartDriverCoordinator - TargetInvocationException thrown from IContentPartDriver by Orchard.Core.Containers.Drivers.ContainerWidgetPartDriver
System.Reflection.TargetInvocationException: Exception has been thrown by the target of an invocation. ---> System.NullReferenceException: Object reference not set to an instance of an object.
   at lambda_method(Closure )
   --- End of inner exception stack trace ---
   at System.RuntimeMethodHandle.InvokeMethod(Object target, Object[] arguments, Signature sig, Boolean constructor)
   at System.Reflection.RuntimeMethodInfo.UnsafeInvokeInternal(Object obj, Object[] parameters, Object[] arguments)
   at System.Delegate.DynamicInvokeImpl(Object[] args)
   at NHibernate.Linq.Visitors.Evaluator.SubtreeEvaluator.Evaluate(Expression e)
   at NHibernate.Linq.Visitors.ExpressionVisitor.VisitBinary(BinaryExpression b)
   at NHibernate.Linq.Visitors.ExpressionVisitor.Visit(Expression exp)
   at NHibernate.Linq.Visitors.ExpressionVisitor.VisitLambda(LambdaExpression lambda)
   at NHibernate.Linq.Visitors.ExpressionVisitor.Visit(Expression exp)
   at NHibernate.Linq.Visitors.ExpressionVisitor.VisitUnary(UnaryExpression u)
   at NHibernate.Linq.Visitors.ExpressionVisitor.Visit(Expression exp)
   at NHibernate.Linq.Visitors.ExpressionVisitor.VisitList(ReadOnlyCollection`1 original)
   at NHibernate.Linq.Visitors.ExpressionVisitor.VisitMethodCall(MethodCallExpression m)
   at NHibernate.Linq.Visitors.ExpressionVisitor.Visit(Expression exp)
   at NHibernate.Linq.NHibernateQueryProvider.TranslateExpression(Expression expression)
   at Orchard.ContentManagement.DefaultContentQuery.Where[TRecord](Expression`1 predicate) in c:\Users\sebros\My Projects\Orchard\src\Orchard\ContentManagement\DefaultContentQuery.cs:line 89
   at Orchard.ContentManagement.DefaultContentQuery.ContentQuery`2.Orchard.ContentManagement.IContentQuery<T,TR>.Where(Expression`1 predicate) in c:\Users\sebros\My Projects\Orchard\src\Orchard\ContentManagement\DefaultContentQuery.cs:line 238
   at Orchard.Core.Containers.Drivers.ContainerWidgetPartDriver.<>c__DisplayClass6.<Display>b__4() in c:\Users\sebros\My Projects\Orchard\src\Orchard.Web\Core\Containers\Drivers\ContainerWidgetPartDriver.cs:line 36
   at Orchard.ContentManagement.Drivers.ContentPartDriver`1.<>c__DisplayClassf.<ContentShape>b__e(BuildShapeContext ctx) in c:\Users\sebros\My Projects\Orchard\src\Orchard\ContentManagement\Drivers\ContentPartDriver.cs:line 130
   at Orchard.ContentManagement.Drivers.ContentPartDriver`1.<>c__DisplayClass15.<ContentShapeImplementation>b__14(BuildShapeContext ctx) in c:\Users\sebros\My Projects\Orchard\src\Orchard\ContentManagement\Drivers\ContentPartDriver.cs:line 139
   at Orchard.ContentManagement.Drivers.ContentShapeResult.ApplyImplementation(BuildShapeContext context, String displayType) in c:\Users\sebros\My Projects\Orchard\src\Orchard\ContentManagement\Drivers\ContentShapeResult.cs:line 39
   at Orchard.InvokeExtensions.Invoke[TEvents](IEnumerable`1 events, Action`1 dispatch, ILogger logger) in c:\Users\sebros\My Projects\Orchard\src\Orchard\InvokeExtensions.cs:line 17
2013-04-17 19:21:12,808 [26] Orchard.ContentManagement.Drivers.Coordinators.ContentPartDriverCoordinator - TargetInvocationException thrown from IContentPartDriver by Orchard.Core.Containers.Drivers.ContainerWidgetPartDriver
System.Reflection.TargetInvocationException: Exception has been thrown by the target of an invocation. ---> System.NullReferenceException: Object reference not set to an instance of an object.
   at lambda_method(Closure )
   --- End of inner exception stack trace ---
   at System.RuntimeMethodHandle.InvokeMethod(Object target, Object[] arguments, Signature sig, Boolean constructor)
   at System.Reflection.RuntimeMethodInfo.UnsafeInvokeInternal(Object obj, Object[] parameters, Object[] arguments)
   at System.Delegate.DynamicInvokeImpl(Object[] args)
   at NHibernate.Linq.Visitors.Evaluator.SubtreeEvaluator.Evaluate(Expression e)
   at NHibernate.Linq.Visitors.ExpressionVisitor.VisitBinary(BinaryExpression b)
   at NHibernate.Linq.Visitors.ExpressionVisitor.Visit(Expression exp)
   at NHibernate.Linq.Visitors.ExpressionVisitor.VisitLambda(LambdaExpression lambda)
   at NHibernate.Linq.Visitors.ExpressionVisitor.Visit(Expression exp)
   at NHibernate.Linq.Visitors.ExpressionVisitor.VisitUnary(UnaryExpression u)
   at NHibernate.Linq.Visitors.ExpressionVisitor.Visit(Expression exp)
   at NHibernate.Linq.Visitors.ExpressionVisitor.VisitList(ReadOnlyCollection`1 original)
   at NHibernate.Linq.Visitors.ExpressionVisitor.VisitMethodCall(MethodCallExpression m)
   at NHibernate.Linq.Visitors.ExpressionVisitor.Visit(Expression exp)
   at NHibernate.Linq.NHibernateQueryProvider.TranslateExpression(Expression expression)
   at Orchard.ContentManagement.DefaultContentQuery.Where[TRecord](Expression`1 predicate) in c:\Users\sebros\My Projects\Orchard\src\Orchard\ContentManagement\DefaultContentQuery.cs:line 89
   at Orchard.ContentManagement.DefaultContentQuery.ContentQuery`2.Orchard.ContentManagement.IContentQuery<T,TR>.Where(Expression`1 predicate) in c:\Users\sebros\My Projects\Orchard\src\Orchard\ContentManagement\DefaultContentQuery.cs:line 238
   at Orchard.Core.Containers.Drivers.ContainerWidgetPartDriver.<>c__DisplayClass6.<Display>b__4() in c:\Users\sebros\My Projects\Orchard\src\Orchard.Web\Core\Containers\Drivers\ContainerWidgetPartDriver.cs:line 36
   at Orchard.ContentManagement.Drivers.ContentPartDriver`1.<>c__DisplayClassf.<ContentShape>b__e(BuildShapeContext ctx) in c:\Users\sebros\My Projects\Orchard\src\Orchard\ContentManagement\Drivers\ContentPartDriver.cs:line 130
   at Orchard.ContentManagement.Drivers.ContentPartDriver`1.<>c__DisplayClass15.<ContentShapeImplementation>b__14(BuildShapeContext ctx) in c:\Users\sebros\My Projects\Orchard\src\Orchard\ContentManagement\Drivers\ContentPartDriver.cs:line 139
   at Orchard.ContentManagement.Drivers.ContentShapeResult.ApplyImplementation(BuildShapeContext context, String displayType) in c:\Users\sebros\My Projects\Orchard\src\Orchard\ContentManagement\Drivers\ContentShapeResult.cs:line 39
   at Orchard.InvokeExtensions.Invoke[TEvents](IEnumerable`1 events, Action`1 dispatch, ILogger logger) in c:\Users\sebros\My Projects\Orchard\src\Orchard\InvokeExtensions.cs:line 17
2013-04-17 19:21:26,255 [28] Orchard.ContentManagement.Drivers.Coordinators.ContentPartDriverCoordinator - TargetInvocationException thrown from IContentPartDriver by Orchard.Core.Containers.Drivers.ContainerWidgetPartDriver
System.Reflection.TargetInvocationException: Exception has been thrown by the target of an invocation. ---> System.NullReferenceException: Object reference not set to an instance of an object.
   at lambda_method(Closure )
   --- End of inner exception stack trace ---
   at System.RuntimeMethodHandle.InvokeMethod(Object target, Object[] arguments, Signature sig, Boolean constructor)
   at System.Reflection.RuntimeMethodInfo.UnsafeInvokeInternal(Object obj, Object[] parameters, Object[] arguments)
   at System.Delegate.DynamicInvokeImpl(Object[] args)
   at NHibernate.Linq.Visitors.Evaluator.SubtreeEvaluator.Evaluate(Expression e)
   at NHibernate.Linq.Visitors.ExpressionVisitor.VisitBinary(BinaryExpression b)
   at NHibernate.Linq.Visitors.ExpressionVisitor.Visit(Expression exp)
   at NHibernate.Linq.Visitors.ExpressionVisitor.VisitLambda(LambdaExpression lambda)
   at NHibernate.Linq.Visitors.ExpressionVisitor.Visit(Expression exp)
   at NHibernate.Linq.Visitors.ExpressionVisitor.VisitUnary(UnaryExpression u)
   at NHibernate.Linq.Visitors.ExpressionVisitor.Visit(Expression exp)
   at NHibernate.Linq.Visitors.ExpressionVisitor.VisitList(ReadOnlyCollection`1 original)
   at NHibernate.Linq.Visitors.ExpressionVisitor.VisitMethodCall(MethodCallExpression m)
   at NHibernate.Linq.Visitors.ExpressionVisitor.Visit(Expression exp)
   at NHibernate.Linq.NHibernateQueryProvider.TranslateExpression(Expression expression)
   at Orchard.ContentManagement.DefaultContentQuery.Where[TRecord](Expression`1 predicate) in c:\Users\sebros\My Projects\Orchard\src\Orchard\ContentManagement\DefaultContentQuery.cs:line 89
   at Orchard.ContentManagement.DefaultContentQuery.ContentQuery`2.Orchard.ContentManagement.IContentQuery<T,TR>.Where(Expression`1 predicate) in c:\Users\sebros\My Projects\Orchard\src\Orchard\ContentManagement\DefaultContentQuery.cs:line 238
   at Orchard.Core.Containers.Drivers.ContainerWidgetPartDriver.<>c__DisplayClass6.<Display>b__4() in c:\Users\sebros\My Projects\Orchard\src\Orchard.Web\Core\Containers\Drivers\ContainerWidgetPartDriver.cs:line 36
   at Orchard.ContentManagement.Drivers.ContentPartDriver`1.<>c__DisplayClassf.<ContentShape>b__e(BuildShapeContext ctx) in c:\Users\sebros\My Projects\Orchard\src\Orchard\ContentManagement\Drivers\ContentPartDriver.cs:line 130
   at Orchard.ContentManagement.Drivers.ContentPartDriver`1.<>c__DisplayClass15.<ContentShapeImplementation>b__14(BuildShapeContext ctx) in c:\Users\sebros\My Projects\Orchard\src\Orchard\ContentManagement\Drivers\ContentPartDriver.cs:line 139
   at Orchard.ContentManagement.Drivers.ContentShapeResult.ApplyImplementation(BuildShapeContext context, String displayType) in c:\Users\sebros\My Projects\Orchard\src\Orchard\ContentManagement\Drivers\ContentShapeResult.cs:line 39
   at Orchard.InvokeExtensions.Invoke[TEvents](IEnumerable`1 events, Action`1 dispatch, ILogger logger) in c:\Users\sebros\My Projects\Orchard\src\Orchard\InvokeExtensions.cs:line 17
2013-04-17 19:21:33,104 [28] Orchard.ContentManagement.Drivers.Coordinators.ContentPartDriverCoordinator - TargetInvocationException thrown from IContentPartDriver by Orchard.Core.Containers.Drivers.ContainerWidgetPartDriver
System.Reflection.TargetInvocationException: Exception has been thrown by the target of an invocation. ---> System.NullReferenceException: Object reference not set to an instance of an object.
   at lambda_method(Closure )
   --- End of inner exception stack trace ---
   at System.RuntimeMethodHandle.InvokeMethod(Object target, Object[] arguments, Signature sig, Boolean constructor)
   at System.Reflection.RuntimeMethodInfo.UnsafeInvokeInternal(Object obj, Object[] parameters, Object[] arguments)
   at System.Delegate.DynamicInvokeImpl(Object[] args)
   at NHibernate.Linq.Visitors.Evaluator.SubtreeEvaluator.Evaluate(Expression e)
   at NHibernate.Linq.Visitors.ExpressionVisitor.VisitBinary(BinaryExpression b)
   at NHibernate.Linq.Visitors.ExpressionVisitor.Visit(Expression exp)
   at NHibernate.Linq.Visitors.ExpressionVisitor.VisitLambda(LambdaExpression lambda)
   at NHibernate.Linq.Visitors.ExpressionVisitor.Visit(Expression exp)
   at NHibernate.Linq.Visitors.ExpressionVisitor.VisitUnary(UnaryExpression u)
   at NHibernate.Linq.Visitors.ExpressionVisitor.Visit(Expression exp)
   at NHibernate.Linq.Visitors.ExpressionVisitor.VisitList(ReadOnlyCollection`1 original)
   at NHibernate.Linq.Visitors.ExpressionVisitor.VisitMethodCall(MethodCallExpression m)
   at NHibernate.Linq.Visitors.ExpressionVisitor.Visit(Expression exp)
   at NHibernate.Linq.NHibernateQueryProvider.TranslateExpression(Expression expression)
   at Orchard.ContentManagement.DefaultContentQuery.Where[TRecord](Expression`1 predicate) in c:\Users\sebros\My Projects\Orchard\src\Orchard\ContentManagement\DefaultContentQuery.cs:line 89
   at Orchard.ContentManagement.DefaultContentQuery.ContentQuery`2.Orchard.ContentManagement.IContentQuery<T,TR>.Where(Expression`1 predicate) in c:\Users\sebros\My Projects\Orchard\src\Orchard\ContentManagement\DefaultContentQuery.cs:line 238
   at Orchard.Core.Containers.Drivers.ContainerWidgetPartDriver.<>c__DisplayClass6.<Display>b__4() in c:\Users\sebros\My Projects\Orchard\src\Orchard.Web\Core\Containers\Drivers\ContainerWidgetPartDriver.cs:line 36
   at Orchard.ContentManagement.Drivers.ContentPartDriver`1.<>c__DisplayClassf.<ContentShape>b__e(BuildShapeContext ctx) in c:\Users\sebros\My Projects\Orchard\src\Orchard\ContentManagement\Drivers\ContentPartDriver.cs:line 130
   at Orchard.ContentManagement.Drivers.ContentPartDriver`1.<>c__DisplayClass15.<ContentShapeImplementation>b__14(BuildShapeContext ctx) in c:\Users\sebros\My Projects\Orchard\src\Orchard\ContentManagement\Drivers\ContentPartDriver.cs:line 139
   at Orchard.ContentManagement.Drivers.ContentShapeResult.ApplyImplementation(BuildShapeContext context, String displayType) in c:\Users\sebros\My Projects\Orchard\src\Orchard\ContentManagement\Drivers\ContentShapeResult.cs:line 39
   at Orchard.InvokeExtensions.Invoke[TEvents](IEnumerable`1 events, Action`1 dispatch, ILogger logger) in c:\Users\sebros\My Projects\Orchard\src\Orchard\InvokeExtensions.cs:line 17
2013-04-17 19:21:56,863 [27] Orchard.ContentManagement.Drivers.Coordinators.ContentPartDriverCoordinator - TargetInvocationException thrown from IContentPartDriver by Orchard.Core.Containers.Drivers.ContainerWidgetPartDriver
System.Reflection.TargetInvocationException: Exception has been thrown by the target of an invocation. ---> System.NullReferenceException: Object reference not set to an instance of an object.
   at lambda_method(Closure )
   --- End of inner exception stack trace ---
   at System.RuntimeMethodHandle.InvokeMethod(Object target, Object[] arguments, Signature sig, Boolean constructor)
   at System.Reflection.RuntimeMethodInfo.UnsafeInvokeInternal(Object obj, Object[] parameters, Object[] arguments)
   at System.Delegate.DynamicInvokeImpl(Object[] args)
   at NHibernate.Linq.Visitors.Evaluator.SubtreeEvaluator.Evaluate(Expression e)
   at NHibernate.Linq.Visitors.ExpressionVisitor.VisitBinary(BinaryExpression b)
   at NHibernate.Linq.Visitors.ExpressionVisitor.Visit(Expression exp)
   at NHibernate.Linq.Visitors.ExpressionVisitor.VisitLambda(LambdaExpression lambda)
   at NHibernate.Linq.Visitors.ExpressionVisitor.Visit(Expression exp)
   at NHibernate.Linq.Visitors.ExpressionVisitor.VisitUnary(UnaryExpression u)
   at NHibernate.Linq.Visitors.ExpressionVisitor.Visit(Expression exp)
   at NHibernate.Linq.Visitors.ExpressionVisitor.VisitList(ReadOnlyCollection`1 original)
   at NHibernate.Linq.Visitors.ExpressionVisitor.VisitMethodCall(MethodCallExpression m)
   at NHibernate.Linq.Visitors.ExpressionVisitor.Visit(Expression exp)
   at NHibernate.Linq.NHibernateQueryProvider.TranslateExpression(Expression expression)
   at Orchard.ContentManagement.DefaultContentQuery.Where[TRecord](Expression`1 predicate) in c:\Users\sebros\My Projects\Orchard\src\Orchard\ContentManagement\DefaultContentQuery.cs:line 89
   at Orchard.ContentManagement.DefaultContentQuery.ContentQuery`2.Orchard.ContentManagement.IContentQuery<T,TR>.Where(Expression`1 predicate) in c:\Users\sebros\My Projects\Orchard\src\Orchard\ContentManagement\DefaultContentQuery.cs:line 238
   at Orchard.Core.Containers.Drivers.ContainerWidgetPartDriver.<>c__DisplayClass6.<Display>b__4() in c:\Users\sebros\My Projects\Orchard\src\Orchard.Web\Core\Containers\Drivers\ContainerWidgetPartDriver.cs:line 36
   at Orchard.ContentManagement.Drivers.ContentPartDriver`1.<>c__DisplayClassf.<ContentShape>b__e(BuildShapeContext ctx) in c:\Users\sebros\My Projects\Orchard\src\Orchard\ContentManagement\Drivers\ContentPartDriver.cs:line 130
   at Orchard.ContentManagement.Drivers.ContentPartDriver`1.<>c__DisplayClass15.<ContentShapeImplementation>b__14(BuildShapeContext ctx) in c:\Users\sebros\My Projects\Orchard\src\Orchard\ContentManagement\Drivers\ContentPartDriver.cs:line 139
   at Orchard.ContentManagement.Drivers.ContentShapeResult.ApplyImplementation(BuildShapeContext context, String displayType) in c:\Users\sebros\My Projects\Orchard\src\Orchard\ContentManagement\Drivers\ContentShapeResult.cs:line 39
   at Orchard.InvokeExtensions.Invoke[TEvents](IEnumerable`1 events, Action`1 dispatch, ILogger logger) in c:\Users\sebros\My Projects\Orchard\src\Orchard\InvokeExtensions.cs:line 17
2013-04-17 19:21:56,941 [7] Orchard.ContentManagement.Drivers.Coordinators.ContentPartDriverCoordinator - TargetInvocationException thrown from IContentPartDriver by Orchard.Core.Containers.Drivers.ContainerWidgetPartDriver
System.Reflection.TargetInvocationException: Exception has been thrown by the target of an invocation. ---> System.NullReferenceException: Object reference not set to an instance of an object.
   at lambda_method(Closure )
   --- End of inner exception stack trace ---
   at System.RuntimeMethodHandle.InvokeMethod(Object target, Object[] arguments, Signature sig, Boolean constructor)
   at System.Reflection.RuntimeMethodInfo.UnsafeInvokeInternal(Object obj, Object[] parameters, Object[] arguments)
   at System.Delegate.DynamicInvokeImpl(Object[] args)
   at NHibernate.Linq.Visitors.Evaluator.SubtreeEvaluator.Evaluate(Expression e)
   at NHibernate.Linq.Visitors.ExpressionVisitor.VisitBinary(BinaryExpression b)
   at NHibernate.Linq.Visitors.ExpressionVisitor.Visit(Expression exp)
   at NHibernate.Linq.Visitors.ExpressionVisitor.VisitLambda(LambdaExpression lambda)
   at NHibernate.Linq.Visitors.ExpressionVisitor.Visit(Expression exp)
   at NHibernate.Linq.Visitors.ExpressionVisitor.VisitUnary(UnaryExpression u)
   at NHibernate.Linq.Visitors.ExpressionVisitor.Visit(Expression exp)
   at NHibernate.Linq.Visitors.ExpressionVisitor.VisitList(ReadOnlyCollection`1 original)
   at NHibernate.Linq.Visitors.ExpressionVisitor.VisitMethodCall(MethodCallExpression m)
   at NHibernate.Linq.Visitors.ExpressionVisitor.Visit(Expression exp)
   at NHibernate.Linq.NHibernateQueryProvider.TranslateExpression(Expression expression)
   at Orchard.ContentManagement.DefaultContentQuery.Where[TRecord](Expression`1 predicate) in c:\Users\sebros\My Projects\Orchard\src\Orchard\ContentManagement\DefaultContentQuery.cs:line 89
   at Orchard.ContentManagement.DefaultContentQuery.ContentQuery`2.Orchard.ContentManagement.IContentQuery<T,TR>.Where(Expression`1 predicate) in c:\Users\sebros\My Projects\Orchard\src\Orchard\ContentManagement\DefaultContentQuery.cs:line 238
   at Orchard.Core.Containers.Drivers.ContainerWidgetPartDriver.<>c__DisplayClass6.<Display>b__4() in c:\Users\sebros\My Projects\Orchard\src\Orchard.Web\Core\Containers\Drivers\ContainerWidgetPartDriver.cs:line 36
   at Orchard.ContentManagement.Drivers.ContentPartDriver`1.<>c__DisplayClassf.<ContentShape>b__e(BuildShapeContext ctx) in c:\Users\sebros\My Projects\Orchard\src\Orchard\ContentManagement\Drivers\ContentPartDriver.cs:line 130
   at Orchard.ContentManagement.Drivers.ContentPartDriver`1.<>c__DisplayClass15.<ContentShapeImplementation>b__14(BuildShapeContext ctx) in c:\Users\sebros\My Projects\Orchard\src\Orchard\ContentManagement\Drivers\ContentPartDriver.cs:line 139
   at Orchard.ContentManagement.Drivers.ContentShapeResult.ApplyImplementation(BuildShapeContext context, String displayType) in c:\Users\sebros\My Projects\Orchard\src\Orchard\ContentManagement\Drivers\ContentShapeResult.cs:line 39
   at Orchard.InvokeExtensions.Invoke[TEvents](IEnumerable`1 events, Action`1 dispatch, ILogger logger) in c:\Users\sebros\My Projects\Orchard\src\Orchard\InvokeExtensions.cs:line 17
2013-04-17 19:22:02,744 [29] Orchard.ContentManagement.Drivers.Coordinators.ContentPartDriverCoordinator - TargetInvocationException thrown from IContentPartDriver by Orchard.Core.Containers.Drivers.ContainerWidgetPartDriver
System.Reflection.TargetInvocationException: Exception has been thrown by the target of an invocation. ---> System.NullReferenceException: Object reference not set to an instance of an object.
   at lambda_method(Closure )
   --- End of inner exception stack trace ---
   at System.RuntimeMethodHandle.InvokeMethod(Object target, Object[] arguments, Signature sig, Boolean constructor)
   at System.Reflection.RuntimeMethodInfo.UnsafeInvokeInternal(Object obj, Object[] parameters, Object[] arguments)
   at System.Delegate.DynamicInvokeImpl(Object[] args)
   at NHibernate.Linq.Visitors.Evaluator.SubtreeEvaluator.Evaluate(Expression e)
   at NHibernate.Linq.Visitors.ExpressionVisitor.VisitBinary(BinaryExpression b)
   at NHibernate.Linq.Visitors.ExpressionVisitor.Visit(Expression exp)
   at NHibernate.Linq.Visitors.ExpressionVisitor.VisitLambda(LambdaExpression lambda)
   at NHibernate.Linq.Visitors.ExpressionVisitor.Visit(Expression exp)
   at NHibernate.Linq.Visitors.ExpressionVisitor.VisitUnary(UnaryExpression u)
   at NHibernate.Linq.Visitors.ExpressionVisitor.Visit(Expression exp)
   at NHibernate.Linq.Visitors.ExpressionVisitor.VisitList(ReadOnlyCollection`1 original)
   at NHibernate.Linq.Visitors.ExpressionVisitor.VisitMethodCall(MethodCallExpression m)
   at NHibernate.Linq.Visitors.ExpressionVisitor.Visit(Expression exp)
   at NHibernate.Linq.NHibernateQueryProvider.TranslateExpression(Expression expression)
   at Orchard.ContentManagement.DefaultContentQuery.Where[TRecord](Expression`1 predicate) in c:\Users\sebros\My Projects\Orchard\src\Orchard\ContentManagement\DefaultContentQuery.cs:line 89
   at Orchard.ContentManagement.DefaultContentQuery.ContentQuery`2.Orchard.ContentManagement.IContentQuery<T,TR>.Where(Expression`1 predicate) in c:\Users\sebros\My Projects\Orchard\src\Orchard\ContentManagement\DefaultContentQuery.cs:line 238
   at Orchard.Core.Containers.Drivers.ContainerWidgetPartDriver.<>c__DisplayClass6.<Display>b__4() in c:\Users\sebros\My Projects\Orchard\src\Orchard.Web\Core\Containers\Drivers\ContainerWidgetPartDriver.cs:line 36
   at Orchard.ContentManagement.Drivers.ContentPartDriver`1.<>c__DisplayClassf.<ContentShape>b__e(BuildShapeContext ctx) in c:\Users\sebros\My Projects\Orchard\src\Orchard\ContentManagement\Drivers\ContentPartDriver.cs:line 130
   at Orchard.ContentManagement.Drivers.ContentPartDriver`1.<>c__DisplayClass15.<ContentShapeImplementation>b__14(BuildShapeContext ctx) in c:\Users\sebros\My Projects\Orchard\src\Orchard\ContentManagement\Drivers\ContentPartDriver.cs:line 139
   at Orchard.ContentManagement.Drivers.ContentShapeResult.ApplyImplementation(BuildShapeContext context, String displayType) in c:\Users\sebros\My Projects\Orchard\src\Orchard\ContentManagement\Drivers\ContentShapeResult.cs:line 39
   at Orchard.InvokeExtensions.Invoke[TEvents](IEnumerable`1 events, Action`1 dispatch, ILogger logger) in c:\Users\sebros\My Projects\Orchard\src\Orchard\InvokeExtensions.cs:line 17
2013-04-17 19:22:04,959 [25] Orchard.ContentManagement.Drivers.Coordinators.ContentPartDriverCoordinator - TargetInvocationException thrown from IContentPartDriver by Orchard.Core.Containers.Drivers.ContainerWidgetPartDriver
System.Reflection.TargetInvocationException: Exception has been thrown by the target of an invocation. ---> System.NullReferenceException: Object reference not set to an instance of an object.
   at lambda_method(Closure )
   --- End of inner exception stack trace ---
   at System.RuntimeMethodHandle.InvokeMethod(Object target, Object[] arguments, Signature sig, Boolean constructor)
   at System.Reflection.RuntimeMethodInfo.UnsafeInvokeInternal(Object obj, Object[] parameters, Object[] arguments)
   at System.Delegate.DynamicInvokeImpl(Object[] args)
   at NHibernate.Linq.Visitors.Evaluator.SubtreeEvaluator.Evaluate(Expression e)
   at NHibernate.Linq.Visitors.ExpressionVisitor.VisitBinary(BinaryExpression b)
   at NHibernate.Linq.Visitors.ExpressionVisitor.Visit(Expression exp)
   at NHibernate.Linq.Visitors.ExpressionVisitor.VisitLambda(LambdaExpression lambda)
   at NHibernate.Linq.Visitors.ExpressionVisitor.Visit(Expression exp)
   at NHibernate.Linq.Visitors.ExpressionVisitor.VisitUnary(UnaryExpression u)
   at NHibernate.Linq.Visitors.ExpressionVisitor.Visit(Expression exp)
   at NHibernate.Linq.Visitors.ExpressionVisitor.VisitList(ReadOnlyCollection`1 original)
   at NHibernate.Linq.Visitors.ExpressionVisitor.VisitMethodCall(MethodCallExpression m)
   at NHibernate.Linq.Visitors.ExpressionVisitor.Visit(Expression exp)
   at NHibernate.Linq.NHibernateQueryProvider.TranslateExpression(Expression expression)
   at Orchard.ContentManagement.DefaultContentQuery.Where[TRecord](Expression`1 predicate) in c:\Users\sebros\My Projects\Orchard\src\Orchard\ContentManagement\DefaultContentQuery.cs:line 89
   at Orchard.ContentManagement.DefaultContentQuery.ContentQuery`2.Orchard.ContentManagement.IContentQuery<T,TR>.Where(Expression`1 predicate) in c:\Users\sebros\My Projects\Orchard\src\Orchard\ContentManagement\DefaultContentQuery.cs:line 238
   at Orchard.Core.Containers.Drivers.ContainerWidgetPartDriver.<>c__DisplayClass6.<Display>b__4() in c:\Users\sebros\My Projects\Orchard\src\Orchard.Web\Core\Containers\Drivers\ContainerWidgetPartDriver.cs:line 36
   at Orchard.ContentManagement.Drivers.ContentPartDriver`1.<>c__DisplayClassf.<ContentShape>b__e(BuildShapeContext ctx) in c:\Users\sebros\My Projects\Orchard\src\Orchard\ContentManagement\Drivers\ContentPartDriver.cs:line 130
   at Orchard.ContentManagement.Drivers.ContentPartDriver`1.<>c__DisplayClass15.<ContentShapeImplementation>b__14(BuildShapeContext ctx) in c:\Users\sebros\My Projects\Orchard\src\Orchard\ContentManagement\Drivers\ContentPartDriver.cs:line 139
   at Orchard.ContentManagement.Drivers.ContentShapeResult.ApplyImplementation(BuildShapeContext context, String displayType) in c:\Users\sebros\My Projects\Orchard\src\Orchard\ContentManagement\Drivers\ContentShapeResult.cs:line 39
   at Orchard.InvokeExtensions.Invoke[TEvents](IEnumerable`1 events, Action`1 dispatch, ILogger logger) in c:\Users\sebros\My Projects\Orchard\src\Orchard\InvokeExtensions.cs:line 17
2013-04-17 19:26:23,685 [23] Orchard.ContentManagement.Drivers.Coordinators.ContentPartDriverCoordinator - TargetInvocationException thrown from IContentPartDriver by Orchard.Core.Containers.Drivers.ContainerWidgetPartDriver
System.Reflection.TargetInvocationException: Exception has been thrown by the target of an invocation. ---> System.NullReferenceException: Object reference not set to an instance of an object.
   at lambda_method(Closure )
   --- End of inner exception stack trace ---
   at System.RuntimeMethodHandle.InvokeMethod(Object target, Object[] arguments, Signature sig, Boolean constructor)
   at System.Reflection.RuntimeMethodInfo.UnsafeInvokeInternal(Object obj, Object[] parameters, Object[] arguments)
   at System.Delegate.DynamicInvokeImpl(Object[] args)
   at NHibernate.Linq.Visitors.Evaluator.SubtreeEvaluator.Evaluate(Expression e)
   at NHibernate.Linq.Visitors.ExpressionVisitor.VisitBinary(BinaryExpression b)
   at NHibernate.Linq.Visitors.ExpressionVisitor.Visit(Expression exp)
   at NHibernate.Linq.Visitors.ExpressionVisitor.VisitLambda(LambdaExpression lambda)
   at NHibernate.Linq.Visitors.ExpressionVisitor.Visit(Expression exp)
   at NHibernate.Linq.Visitors.ExpressionVisitor.VisitUnary(UnaryExpression u)
   at NHibernate.Linq.Visitors.ExpressionVisitor.Visit(Expression exp)
   at NHibernate.Linq.Visitors.ExpressionVisitor.VisitList(ReadOnlyCollection`1 original)
   at NHibernate.Linq.Visitors.ExpressionVisitor.VisitMethodCall(MethodCallExpression m)
   at NHibernate.Linq.Visitors.ExpressionVisitor.Visit(Expression exp)
   at NHibernate.Linq.NHibernateQueryProvider.TranslateExpression(Expression expression)
   at Orchard.ContentManagement.DefaultContentQuery.Where[TRecord](Expression`1 predicate) in c:\Users\sebros\My Projects\Orchard\src\Orchard\ContentManagement\DefaultContentQuery.cs:line 89
   at Orchard.ContentManagement.DefaultContentQuery.ContentQuery`2.Orchard.ContentManagement.IContentQuery<T,TR>.Where(Expression`1 predicate) in c:\Users\sebros\My Projects\Orchard\src\Orchard\ContentManagement\DefaultContentQuery.cs:line 238
   at Orchard.Core.Containers.Drivers.ContainerWidgetPartDriver.<>c__DisplayClass6.<Display>b__4() in c:\Users\sebros\My Projects\Orchard\src\Orchard.Web\Core\Containers\Drivers\ContainerWidgetPartDriver.cs:line 36
   at Orchard.ContentManagement.Drivers.ContentPartDriver`1.<>c__DisplayClassf.<ContentShape>b__e(BuildShapeContext ctx) in c:\Users\sebros\My Projects\Orchard\src\Orchard\ContentManagement\Drivers\ContentPartDriver.cs:line 130
   at Orchard.ContentManagement.Drivers.ContentPartDriver`1.<>c__DisplayClass15.<ContentShapeImplementation>b__14(BuildShapeContext ctx) in c:\Users\sebros\My Projects\Orchard\src\Orchard\ContentManagement\Drivers\ContentPartDriver.cs:line 139
   at Orchard.ContentManagement.Drivers.ContentShapeResult.ApplyImplementation(BuildShapeContext context, String displayType) in c:\Users\sebros\My Projects\Orchard\src\Orchard\ContentManagement\Drivers\ContentShapeResult.cs:line 39
   at Orchard.InvokeExtensions.Invoke[TEvents](IEnumerable`1 events, Action`1 dispatch, ILogger logger) in c:\Users\sebros\My Projects\Orchard\src\Orchard\InvokeExtensions.cs:line 17
2013-04-17 19:27:24,073 [25] Orchard.ContentManagement.Drivers.Coordinators.ContentPartDriverCoordinator - TargetInvocationException thrown from IContentPartDriver by Orchard.Core.Containers.Drivers.ContainerWidgetPartDriver
System.Reflection.TargetInvocationException: Exception has been thrown by the target of an invocation. ---> System.NullReferenceException: Object reference not set to an instance of an object.
   at lambda_method(Closure )
   --- End of inner exception stack trace ---
   at System.RuntimeMethodHandle.InvokeMethod(Object target, Object[] arguments, Signature sig, Boolean constructor)
   at System.Reflection.RuntimeMethodInfo.UnsafeInvokeInternal(Object obj, Object[] parameters, Object[] arguments)
   at System.Delegate.DynamicInvokeImpl(Object[] args)
   at NHibernate.Linq.Visitors.Evaluator.SubtreeEvaluator.Evaluate(Expression e)
   at NHibernate.Linq.Visitors.ExpressionVisitor.VisitBinary(BinaryExpression b)
   at NHibernate.Linq.Visitors.ExpressionVisitor.Visit(Expression exp)
   at NHibernate.Linq.Visitors.ExpressionVisitor.VisitLambda(LambdaExpression lambda)
   at NHibernate.Linq.Visitors.ExpressionVisitor.Visit(Expression exp)
   at NHibernate.Linq.Visitors.ExpressionVisitor.VisitUnary(UnaryExpression u)
   at NHibernate.Linq.Visitors.ExpressionVisitor.Visit(Expression exp)
   at NHibernate.Linq.Visitors.ExpressionVisitor.VisitList(ReadOnlyCollection`1 original)
   at NHibernate.Linq.Visitors.ExpressionVisitor.VisitMethodCall(MethodCallExpression m)
   at NHibernate.Linq.Visitors.ExpressionVisitor.Visit(Expression exp)
   at NHibernate.Linq.NHibernateQueryProvider.TranslateExpression(Expression expression)
   at Orchard.ContentManagement.DefaultContentQuery.Where[TRecord](Expression`1 predicate) in c:\Users\sebros\My Projects\Orchard\src\Orchard\ContentManagement\DefaultContentQuery.cs:line 89
   at Orchard.ContentManagement.DefaultContentQuery.ContentQuery`2.Orchard.ContentManagement.IContentQuery<T,TR>.Where(Expression`1 predicate) in c:\Users\sebros\My Projects\Orchard\src\Orchard\ContentManagement\DefaultContentQuery.cs:line 238
   at Orchard.Core.Containers.Drivers.ContainerWidgetPartDriver.<>c__DisplayClass6.<Display>b__4() in c:\Users\sebros\My Projects\Orchard\src\Orchard.Web\Core\Containers\Drivers\ContainerWidgetPartDriver.cs:line 36
   at Orchard.ContentManagement.Drivers.ContentPartDriver`1.<>c__DisplayClassf.<ContentShape>b__e(BuildShapeContext ctx) in c:\Users\sebros\My Projects\Orchard\src\Orchard\ContentManagement\Drivers\ContentPartDriver.cs:line 130
   at Orchard.ContentManagement.Drivers.ContentPartDriver`1.<>c__DisplayClass15.<ContentShapeImplementation>b__14(BuildShapeContext ctx) in c:\Users\sebros\My Projects\